<?xml version="1.0" encoding="UTF-8"?>
<!-- Generated by org.testng.reporters.JUnitXMLReporter -->
<testsuite hostname="DEadmin-PC" ignored="0" name="Default test" tests="3" failures="0" timestamp="2020-01-12T10:52:35 IST" time="0.106" errors="0">
  <testcase name="TestSiteAvailablity" time="0.016" classname="testNG.DependencyTask"/>
  <testcase name="Login" time="0.003" classname="testNG.DependencyTask"/>
  <testcase name="AddToCart" time="0.002" classname="testNG.DependencyTask"/>
</testsuite> <!-- Default test -->
