<?xml version="1.0" encoding="UTF-8"?>
<testng-results skipped="0" failed="0" ignored="0" total="3" passed="3">
  <reporter-output>
  </reporter-output>
  <suite name="Default suite" duration-ms="106" started-at="2020-01-12T10:52:35 IST" finished-at="2020-01-12T10:52:35 IST">
    <groups>
    </groups>
    <test name="Default test" duration-ms="106" started-at="2020-01-12T10:52:35 IST" finished-at="2020-01-12T10:52:35 IST">
      <class name="testNG.DependencyTask">
        <test-method status="PASS" signature="TestSiteAvailablity()[pri:0, instance:testNG.DependencyTask@a67c67e]" name="TestSiteAvailablity" duration-ms="16" started-at="2020-01-12T10:52:35 IST" finished-at="2020-01-12T10:52:35 IST">
          <reporter-output>
          </reporter-output>
        </test-method> <!-- TestSiteAvailablity -->
        <test-method status="PASS" signature="Login()[pri:0, instance:testNG.DependencyTask@a67c67e]" name="Login" duration-ms="3" started-at="2020-01-12T10:52:35 IST" depends-on-methods="testNG.DependencyTask.TestSiteAvailablity" finished-at="2020-01-12T10:52:35 IST">
          <reporter-output>
          </reporter-output>
        </test-method> <!-- Login -->
        <test-method status="PASS" signature="AddToCart()[pri:0, instance:testNG.DependencyTask@a67c67e]" name="AddToCart" duration-ms="2" started-at="2020-01-12T10:52:35 IST" depends-on-methods="testNG.DependencyTask.Login" finished-at="2020-01-12T10:52:35 IST">
          <reporter-output>
          </reporter-output>
        </test-method> <!-- AddToCart -->
      </class> <!-- testNG.DependencyTask -->
    </test> <!-- Default test -->
  </suite> <!-- Default suite -->
</testng-results>
